<html>
<head>
<title>TestNG:  Command line test</title>
<link href="../testng.css" rel="stylesheet" type="text/css" />
<link href="../my-testng.css" rel="stylesheet" type="text/css" />

<style type="text/css">
.log { display: none;} 
.stack-trace { display: none;} 
</style>
<script type="text/javascript">
<!--
function flip(e) {
  current = e.style.display;
  if (current == 'block') {
    e.style.display = 'none';
    return 0;
  }
  else {
    e.style.display = 'block';
    return 1;
  }
}

function toggleBox(szDivId, elem, msg1, msg2)
{
  var res = -1;  if (document.getElementById) {
    res = flip(document.getElementById(szDivId));
  }
  else if (document.all) {
    // this is the way old msie versions work
    res = flip(document.all[szDivId]);
  }
  if(elem) {
    if(res == 0) elem.innerHTML = msg1; else elem.innerHTML = msg2;
  }

}

function toggleAllBoxes() {
  if (document.getElementsByTagName) {
    d = document.getElementsByTagName('div');
    for (i = 0; i < d.length; i++) {
      if (d[i].className == 'log') {
        flip(d[i]);
      }
    }
  }
}

// -->
</script>

</head>
<body>
<h2 align='center'>Command line test</h2><table border='1' align="center">
<tr>
<td>Tests passed/Failed/Skipped:</td><td>91/0/0</td>
</tr><tr>
<td>Started on:</td><td>Sat Jan 28 20:30:16 CET 2017</td>
</tr>
<tr><td>Total time:</td><td>0 seconds (492 ms)</td>
</tr><tr>
<td>Included groups:</td><td></td>
</tr><tr>
<td>Excluded groups:</td><td></td>
</tr>
</table><p/>
<small><i>(Hover the method name to see the test class name)</i></small><p/>
<table width='100%' border='1' class='invocation-passed'>
<tr><td colspan='4' align='center'><b>PASSED TESTS</b></td></tr>
<tr><td><b>Test method</b></td>
<td width="30%"><b>Exception</b></td>
<td width="10%"><b>Time (seconds)</b></td>
<td><b>Instance</b></td>
</tr>
<tr>
<td title='my.utils.CryptographyUtilsTest.testCryptography()'><b>testCryptography</b><br>Test class: my.utils.CryptographyUtilsTest</td>
<td></td>
<td>0</td>
<td>my.utils.CryptographyUtilsTest@3d24753a</td></tr>
<tr>
<td title='my.utils.CryptographyUtilsTest.testCryptography_when_saltString_not_same()'><b>testCryptography_when_saltString_not_same</b><br>Test class: my.utils.CryptographyUtilsTest</td>
<td></td>
<td>0</td>
<td>my.utils.CryptographyUtilsTest@3d24753a</td></tr>
<tr>
<td title='my.utils.DateTimeTest.test_Parse_Invalid_Date()'><b>test_Parse_Invalid_Date</b><br>Test class: my.utils.DateTimeTest</td>
<td><div><pre>java.lang.RuntimeException: java.text.ParseException: Unparseable date: &quot;Any String&quot;
	at my.utils.DateTime.parse(DateTime.java:123)
	at my.utils.DateTime.of(DateTime.java:39)
	at my.utils.DateTimeTest.test_Parse_Invalid_Date(DateTimeTest.java:99)
Caused by: java.text.ParseException: Unparseable date: &quot;Any String&quot;
	at java.text.DateFormat.parse(DateFormat.java:366)
	at my.utils.DateTime.parse(DateTime.java:121)
	... 36 more
... Removed 34 stack frames</pre></div><a href='#' onClick='toggleBox("stack-trace892529689", this, "Click to show all stack frames", "Click to hide stack frames")'>Click to show all stack frames</a>
<div class='stack-trace' id='stack-trace892529689'><pre>java.lang.RuntimeException: java.text.ParseException: Unparseable date: &quot;Any String&quot;
	at my.utils.DateTime.parse(DateTime.java:123)
	at my.utils.DateTime.of(DateTime.java:39)
	at my.utils.DateTimeTest.test_Parse_Invalid_Date(DateTimeTest.java:99)
	at sun.reflect.NativeMethodAccessorImpl.invoke0(Native Method)
	at sun.reflect.NativeMethodAccessorImpl.invoke(NativeMethodAccessorImpl.java:62)
	at sun.reflect.DelegatingMethodAccessorImpl.invoke(DelegatingMethodAccessorImpl.java:43)
	at java.lang.reflect.Method.invoke(Method.java:498)
	at org.testng.internal.MethodInvocationHelper.invokeMethod(MethodInvocationHelper.java:86)
	at org.testng.internal.Invoker.invokeMethod(Invoker.java:643)
	at org.testng.internal.Invoker.invokeTestMethod(Invoker.java:820)
	at org.testng.internal.Invoker.invokeTestMethods(Invoker.java:1128)
	at org.testng.internal.TestMethodWorker.invokeTestMethods(TestMethodWorker.java:129)
	at org.testng.internal.TestMethodWorker.run(TestMethodWorker.java:112)
	at org.testng.TestRunner.privateRun(TestRunner.java:782)
	at org.testng.TestRunner.run(TestRunner.java:632)
	at org.testng.SuiteRunner.runTest(SuiteRunner.java:366)
	at org.testng.SuiteRunner.runSequentially(SuiteRunner.java:361)
	at org.testng.SuiteRunner.privateRun(SuiteRunner.java:319)
	at org.testng.SuiteRunner.run(SuiteRunner.java:268)
	at org.testng.SuiteRunnerWorker.runSuite(SuiteRunnerWorker.java:52)
	at org.testng.SuiteRunnerWorker.run(SuiteRunnerWorker.java:86)
	at org.testng.TestNG.runSuitesSequentially(TestNG.java:1244)
	at org.testng.TestNG.runSuitesLocally(TestNG.java:1169)
	at org.testng.TestNG.run(TestNG.java:1064)
	at org.apache.maven.surefire.testng.TestNGExecutor.run(TestNGExecutor.java:77)
	at org.apache.maven.surefire.testng.TestNGDirectoryTestSuite.executeMulti(TestNGDirectoryTestSuite.java:159)
	at org.apache.maven.surefire.testng.TestNGDirectoryTestSuite.execute(TestNGDirectoryTestSuite.java:99)
	at org.apache.maven.surefire.testng.TestNGProvider.invoke(TestNGProvider.java:106)
	at sun.reflect.NativeMethodAccessorImpl.invoke0(Native Method)
	at sun.reflect.NativeMethodAccessorImpl.invoke(NativeMethodAccessorImpl.java:62)
	at sun.reflect.DelegatingMethodAccessorImpl.invoke(DelegatingMethodAccessorImpl.java:43)
	at java.lang.reflect.Method.invoke(Method.java:498)
	at org.apache.maven.surefire.util.ReflectionUtils.invokeMethodWithArray(ReflectionUtils.java:189)
	at org.apache.maven.surefire.booter.ProviderFactory$ProviderProxy.invoke(ProviderFactory.java:165)
	at org.apache.maven.surefire.booter.ProviderFactory.invokeProvider(ProviderFactory.java:85)
	at org.apache.maven.surefire.booter.ForkedBooter.runSuitesInProcess(ForkedBooter.java:115)
	at org.apache.maven.surefire.booter.ForkedBooter.main(ForkedBooter.java:75)
Caused by: java.text.ParseException: Unparseable date: &quot;Any String&quot;
	at java.text.DateFormat.parse(DateFormat.java:366)
	at my.utils.DateTime.parse(DateTime.java:121)
	... 36 more
</pre></div></td>
<td>0</td>
<td>my.utils.DateTimeTest@59a6e353</td></tr>
<tr>
<td title='my.utils.DateTimeTest.test_Parse_Invalid_Format()'><b>test_Parse_Invalid_Format</b><br>Test class: my.utils.DateTimeTest</td>
<td><div><pre>java.lang.RuntimeException: java.lang.IllegalArgumentException: Illegal pattern character &apos;I&apos;
	at my.utils.DateTime.parse(DateTime.java:123)
	at my.utils.DateTime.of(DateTime.java:51)
	at my.utils.DateTimeTest.test_Parse_Invalid_Format(DateTimeTest.java:106)
Caused by: java.lang.IllegalArgumentException: Illegal pattern character &apos;I&apos;
	at java.text.SimpleDateFormat.compile(SimpleDateFormat.java:826)
	at java.text.SimpleDateFormat.initialize(SimpleDateFormat.java:634)
	at java.text.SimpleDateFormat.&lt;init&gt;(SimpleDateFormat.java:605)
	at java.text.SimpleDateFormat.&lt;init&gt;(SimpleDateFormat.java:580)
	at my.utils.DateTime.toDateFormat(DateTime.java:84)
	at my.utils.DateTime.parse(DateTime.java:121)
	... 36 more
... Removed 34 stack frames</pre></div><a href='#' onClick='toggleBox("stack-trace1757676444", this, "Click to show all stack frames", "Click to hide stack frames")'>Click to show all stack frames</a>
<div class='stack-trace' id='stack-trace1757676444'><pre>java.lang.RuntimeException: java.lang.IllegalArgumentException: Illegal pattern character &apos;I&apos;
	at my.utils.DateTime.parse(DateTime.java:123)
	at my.utils.DateTime.of(DateTime.java:51)
	at my.utils.DateTimeTest.test_Parse_Invalid_Format(DateTimeTest.java:106)
	at sun.reflect.NativeMethodAccessorImpl.invoke0(Native Method)
	at sun.reflect.NativeMethodAccessorImpl.invoke(NativeMethodAccessorImpl.java:62)
	at sun.reflect.DelegatingMethodAccessorImpl.invoke(DelegatingMethodAccessorImpl.java:43)
	at java.lang.reflect.Method.invoke(Method.java:498)
	at org.testng.internal.MethodInvocationHelper.invokeMethod(MethodInvocationHelper.java:86)
	at org.testng.internal.Invoker.invokeMethod(Invoker.java:643)
	at org.testng.internal.Invoker.invokeTestMethod(Invoker.java:820)
	at org.testng.internal.Invoker.invokeTestMethods(Invoker.java:1128)
	at org.testng.internal.TestMethodWorker.invokeTestMethods(TestMethodWorker.java:129)
	at org.testng.internal.TestMethodWorker.run(TestMethodWorker.java:112)
	at org.testng.TestRunner.privateRun(TestRunner.java:782)
	at org.testng.TestRunner.run(TestRunner.java:632)
	at org.testng.SuiteRunner.runTest(SuiteRunner.java:366)
	at org.testng.SuiteRunner.runSequentially(SuiteRunner.java:361)
	at org.testng.SuiteRunner.privateRun(SuiteRunner.java:319)
	at org.testng.SuiteRunner.run(SuiteRunner.java:268)
	at org.testng.SuiteRunnerWorker.runSuite(SuiteRunnerWorker.java:52)
	at org.testng.SuiteRunnerWorker.run(SuiteRunnerWorker.java:86)
	at org.testng.TestNG.runSuitesSequentially(TestNG.java:1244)
	at org.testng.TestNG.runSuitesLocally(TestNG.java:1169)
	at org.testng.TestNG.run(TestNG.java:1064)
	at org.apache.maven.surefire.testng.TestNGExecutor.run(TestNGExecutor.java:77)
	at org.apache.maven.surefire.testng.TestNGDirectoryTestSuite.executeMulti(TestNGDirectoryTestSuite.java:159)
	at org.apache.maven.surefire.testng.TestNGDirectoryTestSuite.execute(TestNGDirectoryTestSuite.java:99)
	at org.apache.maven.surefire.testng.TestNGProvider.invoke(TestNGProvider.java:106)
	at sun.reflect.NativeMethodAccessorImpl.invoke0(Native Method)
	at sun.reflect.NativeMethodAccessorImpl.invoke(NativeMethodAccessorImpl.java:62)
	at sun.reflect.DelegatingMethodAccessorImpl.invoke(DelegatingMethodAccessorImpl.java:43)
	at java.lang.reflect.Method.invoke(Method.java:498)
	at org.apache.maven.surefire.util.ReflectionUtils.invokeMethodWithArray(ReflectionUtils.java:189)
	at org.apache.maven.surefire.booter.ProviderFactory$ProviderProxy.invoke(ProviderFactory.java:165)
	at org.apache.maven.surefire.booter.ProviderFactory.invokeProvider(ProviderFactory.java:85)
	at org.apache.maven.surefire.booter.ForkedBooter.runSuitesInProcess(ForkedBooter.java:115)
	at org.apache.maven.surefire.booter.ForkedBooter.main(ForkedBooter.java:75)
Caused by: java.lang.IllegalArgumentException: Illegal pattern character &apos;I&apos;
	at java.text.SimpleDateFormat.compile(SimpleDateFormat.java:826)
	at java.text.SimpleDateFormat.initialize(SimpleDateFormat.java:634)
	at java.text.SimpleDateFormat.&lt;init&gt;(SimpleDateFormat.java:605)
	at java.text.SimpleDateFormat.&lt;init&gt;(SimpleDateFormat.java:580)
	at my.utils.DateTime.toDateFormat(DateTime.java:84)
	at my.utils.DateTime.parse(DateTime.java:121)
	... 36 more
</pre></div></td>
<td>0</td>
<td>my.utils.DateTimeTest@59a6e353</td></tr>
<tr>
<td title='my.utils.DateTimeTest.test_copy_DateTime()'><b>test_copy_DateTime</b><br>Test class: my.utils.DateTimeTest</td>
<td></td>
<td>0</td>
<td>my.utils.DateTimeTest@59a6e353</td></tr>
<tr>
<td title='my.utils.JsonUtilsTest.test_deserialize()'><b>test_deserialize</b><br>Test class: my.utils.JsonUtilsTest</td>
<td></td>
<td>0</td>
<td>my.utils.JsonUtilsTest@71be98f5</td></tr>
<tr>
<td title='my.utils.JsonUtilsTest.test_deserialize_invalidJson()'><b>test_deserialize_invalidJson</b><br>Test class: my.utils.JsonUtilsTest</td>
<td><div><pre>java.lang.RuntimeException: Failed to deserialize json
	at my.utils.JsonUtils.deserialize(JsonUtils.java:85)
	at my.utils.JsonUtilsTest.test_deserialize_invalidJson(JsonUtilsTest.java:113)
Caused by: com.google.gson.JsonSyntaxException: com.google.gson.stream.MalformedJsonException: Unterminated object at line 1 column 21 path $.name
	at com.google.gson.Gson.fromJson(Gson.java:902)
	at com.google.gson.Gson.fromJson(Gson.java:852)
	at com.google.gson.Gson.fromJson(Gson.java:801)
	at com.google.gson.Gson.fromJson(Gson.java:773)
	at my.utils.JsonUtils.deserialize(JsonUtils.java:82)
	... 35 more
Caused by: com.google.gson.stream.MalformedJsonException: Unterminated object at line 1 column 21 path $.name
	at com.google.gson.stream.JsonReader.syntaxError(JsonReader.java:1559)
	at com.google.gson.stream.JsonReader.doPeek(JsonReader.java:491)
	at com.google.gson.stream.JsonReader.hasNext(JsonReader.java:414)
	at com.google.gson.internal.bind.ReflectiveTypeAdapterFactory$Adapter.read(ReflectiveTypeAdapterFactory.java:214)
	at com.google.gson.Gson.fromJson(Gson.java:887)
	... 39 more
... Removed 34 stack frames</pre></div><a href='#' onClick='toggleBox("stack-trace1914301543", this, "Click to show all stack frames", "Click to hide stack frames")'>Click to show all stack frames</a>
<div class='stack-trace' id='stack-trace1914301543'><pre>java.lang.RuntimeException: Failed to deserialize json
	at my.utils.JsonUtils.deserialize(JsonUtils.java:85)
	at my.utils.JsonUtilsTest.test_deserialize_invalidJson(JsonUtilsTest.java:113)
	at sun.reflect.NativeMethodAccessorImpl.invoke0(Native Method)
	at sun.reflect.NativeMethodAccessorImpl.invoke(NativeMethodAccessorImpl.java:62)
	at sun.reflect.DelegatingMethodAccessorImpl.invoke(DelegatingMethodAccessorImpl.java:43)
	at java.lang.reflect.Method.invoke(Method.java:498)
	at org.testng.internal.MethodInvocationHelper.invokeMethod(MethodInvocationHelper.java:86)
	at org.testng.internal.Invoker.invokeMethod(Invoker.java:643)
	at org.testng.internal.Invoker.invokeTestMethod(Invoker.java:820)
	at org.testng.internal.Invoker.invokeTestMethods(Invoker.java:1128)
	at org.testng.internal.TestMethodWorker.invokeTestMethods(TestMethodWorker.java:129)
	at org.testng.internal.TestMethodWorker.run(TestMethodWorker.java:112)
	at org.testng.TestRunner.privateRun(TestRunner.java:782)
	at org.testng.TestRunner.run(TestRunner.java:632)
	at org.testng.SuiteRunner.runTest(SuiteRunner.java:366)
	at org.testng.SuiteRunner.runSequentially(SuiteRunner.java:361)
	at org.testng.SuiteRunner.privateRun(SuiteRunner.java:319)
	at org.testng.SuiteRunner.run(SuiteRunner.java:268)
	at org.testng.SuiteRunnerWorker.runSuite(SuiteRunnerWorker.java:52)
	at org.testng.SuiteRunnerWorker.run(SuiteRunnerWorker.java:86)
	at org.testng.TestNG.runSuitesSequentially(TestNG.java:1244)
	at org.testng.TestNG.runSuitesLocally(TestNG.java:1169)
	at org.testng.TestNG.run(TestNG.java:1064)
	at org.apache.maven.surefire.testng.TestNGExecutor.run(TestNGExecutor.java:77)
	at org.apache.maven.surefire.testng.TestNGDirectoryTestSuite.executeMulti(TestNGDirectoryTestSuite.java:159)
	at org.apache.maven.surefire.testng.TestNGDirectoryTestSuite.execute(TestNGDirectoryTestSuite.java:99)
	at org.apache.maven.surefire.testng.TestNGProvider.invoke(TestNGProvider.java:106)
	at sun.reflect.NativeMethodAccessorImpl.invoke0(Native Method)
	at sun.reflect.NativeMethodAccessorImpl.invoke(NativeMethodAccessorImpl.java:62)
	at sun.reflect.DelegatingMethodAccessorImpl.invoke(DelegatingMethodAccessorImpl.java:43)
	at java.lang.reflect.Method.invoke(Method.java:498)
	at org.apache.maven.surefire.util.ReflectionUtils.invokeMethodWithArray(ReflectionUtils.java:189)
	at org.apache.maven.surefire.booter.ProviderFactory$ProviderProxy.invoke(ProviderFactory.java:165)
	at org.apache.maven.surefire.booter.ProviderFactory.invokeProvider(ProviderFactory.java:85)
	at org.apache.maven.surefire.booter.ForkedBooter.runSuitesInProcess(ForkedBooter.java:115)
	at org.apache.maven.surefire.booter.ForkedBooter.main(ForkedBooter.java:75)
Caused by: com.google.gson.JsonSyntaxException: com.google.gson.stream.MalformedJsonException: Unterminated object at line 1 column 21 path $.name
	at com.google.gson.Gson.fromJson(Gson.java:902)
	at com.google.gson.Gson.fromJson(Gson.java:852)
	at com.google.gson.Gson.fromJson(Gson.java:801)
	at com.google.gson.Gson.fromJson(Gson.java:773)
	at my.utils.JsonUtils.deserialize(JsonUtils.java:82)
	... 35 more
Caused by: com.google.gson.stream.MalformedJsonException: Unterminated object at line 1 column 21 path $.name
	at com.google.gson.stream.JsonReader.syntaxError(JsonReader.java:1559)
	at com.google.gson.stream.JsonReader.doPeek(JsonReader.java:491)
	at com.google.gson.stream.JsonReader.hasNext(JsonReader.java:414)
	at com.google.gson.internal.bind.ReflectiveTypeAdapterFactory$Adapter.read(ReflectiveTypeAdapterFactory.java:214)
	at com.google.gson.Gson.fromJson(Gson.java:887)
	... 39 more
</pre></div></td>
<td>0</td>
<td>my.utils.JsonUtilsTest@71be98f5</td></tr>
<tr>
<td title='my.utils.JsonUtilsTest.test_deserialize_invalidJson_withDefaultValue()'><b>test_deserialize_invalidJson_withDefaultValue</b><br>Test class: my.utils.JsonUtilsTest</td>
<td></td>
<td>0</td>
<td>my.utils.JsonUtilsTest@71be98f5</td></tr>
<tr>
<td title='my.utils.JsonUtilsTest.test_deserialize_list()'><b>test_deserialize_list</b><br>Test class: my.utils.JsonUtilsTest</td>
<td></td>
<td>0</td>
<td>my.utils.JsonUtilsTest@71be98f5</td></tr>
<tr>
<td title='my.utils.JsonUtilsTest.test_deserialize_nestedObject()'><b>test_deserialize_nestedObject</b><br>Test class: my.utils.JsonUtilsTest</td>
<td></td>
<td>0</td>
<td>my.utils.JsonUtilsTest@71be98f5</td></tr>
<tr>
<td title='my.utils.JsonUtilsTest.test_deserialize_strict()'><b>test_deserialize_strict</b><br>Test class: my.utils.JsonUtilsTest</td>
<td></td>
<td>0</td>
<td>my.utils.JsonUtilsTest@71be98f5</td></tr>
<tr>
<td title='my.utils.CollectionUtilsTest.test_difference()'><b>test_difference</b><br>Test class: my.utils.CollectionUtilsTest</td>
<td></td>
<td>0</td>
<td>my.utils.CollectionUtilsTest@19dfb72a</td></tr>
<tr>
<td title='my.utils.CollectionUtilsTest.test_eliminateDuplicates()'><b>test_eliminateDuplicates</b><br>Test class: my.utils.CollectionUtilsTest</td>
<td></td>
<td>0</td>
<td>my.utils.CollectionUtilsTest@19dfb72a</td></tr>
<tr>
<td title='my.utils.FunctionalMapTest.test_filter()'><b>test_filter</b><br>Test class: my.utils.FunctionalMapTest</td>
<td></td>
<td>0</td>
<td>my.utils.FunctionalMapTest@7a0ac6e3</td></tr>
<tr>
<td title='my.utils.SequenceTest.test_filter()'><b>test_filter</b><br>Test class: my.utils.SequenceTest</td>
<td></td>
<td>0</td>
<td>my.utils.SequenceTest@6fadae5d</td></tr>
<tr>
<td title='my.utils.FunctionalMapTest.test_filterNot()'><b>test_filterNot</b><br>Test class: my.utils.FunctionalMapTest</td>
<td></td>
<td>0</td>
<td>my.utils.FunctionalMapTest@7a0ac6e3</td></tr>
<tr>
<td title='my.utils.SequenceTest.test_filterNot()'><b>test_filterNot</b><br>Test class: my.utils.SequenceTest</td>
<td></td>
<td>0</td>
<td>my.utils.SequenceTest@6fadae5d</td></tr>
<tr>
<td title='my.utils.SequenceTest.test_firstOrDefault_byCondition()'><b>test_firstOrDefault_byCondition</b><br>Test class: my.utils.SequenceTest</td>
<td></td>
<td>0</td>
<td>my.utils.SequenceTest@6fadae5d</td></tr>
<tr>
<td title='my.utils.SequenceTest.test_first_byCondition()'><b>test_first_byCondition</b><br>Test class: my.utils.SequenceTest</td>
<td></td>
<td>0</td>
<td>my.utils.SequenceTest@6fadae5d</td></tr>
<tr>
<td title='my.utils.FunctionalMapTest.test_foreach_whenNoException()'><b>test_foreach_whenNoException</b><br>Test class: my.utils.FunctionalMapTest</td>
<td></td>
<td>0</td>
<td>my.utils.FunctionalMapTest@7a0ac6e3</td></tr>
<tr>
<td title='my.utils.FunctionalMapTest.test_foreach_whenThrowException()'><b>test_foreach_whenThrowException</b><br>Test class: my.utils.FunctionalMapTest</td>
<td><div><pre>java.lang.RuntimeException: java.lang.Exception
	at my.utils.ThrowableConsumer.lambda$toBiConsumer$1(ThrowableConsumer.java:29)
	at java.util.HashMap.forEach(HashMap.java:1288)
	at my.utils.FunctionalMap.forEach(FunctionalMap.java:96)
	at my.utils.FunctionalMapTest.test_foreach_whenThrowException(FunctionalMapTest.java:173)
Caused by: java.lang.Exception
	at my.utils.FunctionalMapTest.handle(FunctionalMapTest.java:177)
	at my.utils.ThrowableConsumer.lambda$toBiConsumer$1(ThrowableConsumer.java:27)
	... 37 more
... Removed 34 stack frames</pre></div><a href='#' onClick='toggleBox("stack-trace1651855867", this, "Click to show all stack frames", "Click to hide stack frames")'>Click to show all stack frames</a>
<div class='stack-trace' id='stack-trace1651855867'><pre>java.lang.RuntimeException: java.lang.Exception
	at my.utils.ThrowableConsumer.lambda$toBiConsumer$1(ThrowableConsumer.java:29)
	at java.util.HashMap.forEach(HashMap.java:1288)
	at my.utils.FunctionalMap.forEach(FunctionalMap.java:96)
	at my.utils.FunctionalMapTest.test_foreach_whenThrowException(FunctionalMapTest.java:173)
	at sun.reflect.NativeMethodAccessorImpl.invoke0(Native Method)
	at sun.reflect.NativeMethodAccessorImpl.invoke(NativeMethodAccessorImpl.java:62)
	at sun.reflect.DelegatingMethodAccessorImpl.invoke(DelegatingMethodAccessorImpl.java:43)
	at java.lang.reflect.Method.invoke(Method.java:498)
	at org.testng.internal.MethodInvocationHelper.invokeMethod(MethodInvocationHelper.java:86)
	at org.testng.internal.Invoker.invokeMethod(Invoker.java:643)
	at org.testng.internal.Invoker.invokeTestMethod(Invoker.java:820)
	at org.testng.internal.Invoker.invokeTestMethods(Invoker.java:1128)
	at org.testng.internal.TestMethodWorker.invokeTestMethods(TestMethodWorker.java:129)
	at org.testng.internal.TestMethodWorker.run(TestMethodWorker.java:112)
	at org.testng.TestRunner.privateRun(TestRunner.java:782)
	at org.testng.TestRunner.run(TestRunner.java:632)
	at org.testng.SuiteRunner.runTest(SuiteRunner.java:366)
	at org.testng.SuiteRunner.runSequentially(SuiteRunner.java:361)
	at org.testng.SuiteRunner.privateRun(SuiteRunner.java:319)
	at org.testng.SuiteRunner.run(SuiteRunner.java:268)
	at org.testng.SuiteRunnerWorker.runSuite(SuiteRunnerWorker.java:52)
	at org.testng.SuiteRunnerWorker.run(SuiteRunnerWorker.java:86)
	at org.testng.TestNG.runSuitesSequentially(TestNG.java:1244)
	at org.testng.TestNG.runSuitesLocally(TestNG.java:1169)
	at org.testng.TestNG.run(TestNG.java:1064)
	at org.apache.maven.surefire.testng.TestNGExecutor.run(TestNGExecutor.java:77)
	at org.apache.maven.surefire.testng.TestNGDirectoryTestSuite.executeMulti(TestNGDirectoryTestSuite.java:159)
	at org.apache.maven.surefire.testng.TestNGDirectoryTestSuite.execute(TestNGDirectoryTestSuite.java:99)
	at org.apache.maven.surefire.testng.TestNGProvider.invoke(TestNGProvider.java:106)
	at sun.reflect.NativeMethodAccessorImpl.invoke0(Native Method)
	at sun.reflect.NativeMethodAccessorImpl.invoke(NativeMethodAccessorImpl.java:62)
	at sun.reflect.DelegatingMethodAccessorImpl.invoke(DelegatingMethodAccessorImpl.java:43)
	at java.lang.reflect.Method.invoke(Method.java:498)
	at org.apache.maven.surefire.util.ReflectionUtils.invokeMethodWithArray(ReflectionUtils.java:189)
	at org.apache.maven.surefire.booter.ProviderFactory$ProviderProxy.invoke(ProviderFactory.java:165)
	at org.apache.maven.surefire.booter.ProviderFactory.invokeProvider(ProviderFactory.java:85)
	at org.apache.maven.surefire.booter.ForkedBooter.runSuitesInProcess(ForkedBooter.java:115)
	at org.apache.maven.surefire.booter.ForkedBooter.main(ForkedBooter.java:75)
Caused by: java.lang.Exception
	at my.utils.FunctionalMapTest.handle(FunctionalMapTest.java:177)
	at my.utils.ThrowableConsumer.lambda$toBiConsumer$1(ThrowableConsumer.java:27)
	... 37 more
</pre></div></td>
<td>0</td>
<td>my.utils.FunctionalMapTest@7a0ac6e3</td></tr>
<tr>
<td title='my.utils.DateTimeTest.test_format()'><b>test_format</b><br>Test class: my.utils.DateTimeTest</td>
<td></td>
<td>0</td>
<td>my.utils.DateTimeTest@59a6e353</td></tr>
<tr>
<td title='my.utils.DateTimeTest.test_format_enum()'><b>test_format_enum</b><br>Test class: my.utils.DateTimeTest</td>
<td></td>
<td>0</td>
<td>my.utils.DateTimeTest@59a6e353</td></tr>
<tr>
<td title='my.utils.SequenceTest.test_get()'><b>test_get</b><br>Test class: my.utils.SequenceTest</td>
<td></td>
<td>0</td>
<td>my.utils.SequenceTest@6fadae5d</td></tr>
<tr>
<td title='my.utils.XmlUtilsTest.test_getElementXml()'><b>test_getElementXml</b><br>Test class: my.utils.XmlUtilsTest</td>
<td></td>
<td>0</td>
<td>my.utils.XmlUtilsTest@17f6480</td></tr>
<tr>
<td title='my.utils.XmlUtilsTest.test_getElementXml_withoutNamespace()'><b>test_getElementXml_withoutNamespace</b><br>Test class: my.utils.XmlUtilsTest</td>
<td></td>
<td>0</td>
<td>my.utils.XmlUtilsTest@17f6480</td></tr>
<tr>
<td title='my.utils.XmlUtilsTest.test_getFirstChildElement()'><b>test_getFirstChildElement</b><br>Test class: my.utils.XmlUtilsTest</td>
<td></td>
<td>0</td>
<td>my.utils.XmlUtilsTest@17f6480</td></tr>
<tr>
<td title='my.utils.XmlUtilsTest.test_getNamespace()'><b>test_getNamespace</b><br>Test class: my.utils.XmlUtilsTest</td>
<td></td>
<td>0</td>
<td>my.utils.XmlUtilsTest@17f6480</td></tr>
<tr>
<td title='my.utils.XmlUtilsTest.test_getNode()'><b>test_getNode</b><br>Test class: my.utils.XmlUtilsTest</td>
<td></td>
<td>0</td>
<td>my.utils.XmlUtilsTest@17f6480</td></tr>
<tr>
<td title='my.utils.XmlUtilsTest.test_getNode_withoutNamespace()'><b>test_getNode_withoutNamespace</b><br>Test class: my.utils.XmlUtilsTest</td>
<td></td>
<td>0</td>
<td>my.utils.XmlUtilsTest@17f6480</td></tr>
<tr>
<td title='my.utils.CollectionUtilsTest.test_getSingleOrDefault_whenListContainsMultipleElements_willThrowException()'><b>test_getSingleOrDefault_whenListContainsMultipleElements_willThrowException</b><br>Test class: my.utils.CollectionUtilsTest</td>
<td></td>
<td>0</td>
<td>my.utils.CollectionUtilsTest@19dfb72a</td></tr>
<tr>
<td title='my.utils.CollectionUtilsTest.test_getSingleOrDefault_whenListIsNull_willThrowException()'><b>test_getSingleOrDefault_whenListIsNull_willThrowException</b><br>Test class: my.utils.CollectionUtilsTest</td>
<td></td>
<td>0</td>
<td>my.utils.CollectionUtilsTest@19dfb72a</td></tr>
<tr>
<td title='my.utils.CollectionUtilsTest.test_getSingle_whenListContainsMultipleElements_willThrowException()'><b>test_getSingle_whenListContainsMultipleElements_willThrowException</b><br>Test class: my.utils.CollectionUtilsTest</td>
<td><div><pre>java.lang.RuntimeException: Collection contains multiple elements
	at my.utils.CollectionUtils.getSingle(CollectionUtils.java:106)
	at my.utils.CollectionUtilsTest.test_getSingle_whenListContainsMultipleElements_willThrowException(CollectionUtilsTest.java:118)
... Removed 34 stack frames</pre></div><a href='#' onClick='toggleBox("stack-trace1508395126", this, "Click to show all stack frames", "Click to hide stack frames")'>Click to show all stack frames</a>
<div class='stack-trace' id='stack-trace1508395126'><pre>java.lang.RuntimeException: Collection contains multiple elements
	at my.utils.CollectionUtils.getSingle(CollectionUtils.java:106)
	at my.utils.CollectionUtilsTest.test_getSingle_whenListContainsMultipleElements_willThrowException(CollectionUtilsTest.java:118)
	at sun.reflect.NativeMethodAccessorImpl.invoke0(Native Method)
	at sun.reflect.NativeMethodAccessorImpl.invoke(NativeMethodAccessorImpl.java:62)
	at sun.reflect.DelegatingMethodAccessorImpl.invoke(DelegatingMethodAccessorImpl.java:43)
	at java.lang.reflect.Method.invoke(Method.java:498)
	at org.testng.internal.MethodInvocationHelper.invokeMethod(MethodInvocationHelper.java:86)
	at org.testng.internal.Invoker.invokeMethod(Invoker.java:643)
	at org.testng.internal.Invoker.invokeTestMethod(Invoker.java:820)
	at org.testng.internal.Invoker.invokeTestMethods(Invoker.java:1128)
	at org.testng.internal.TestMethodWorker.invokeTestMethods(TestMethodWorker.java:129)
	at org.testng.internal.TestMethodWorker.run(TestMethodWorker.java:112)
	at org.testng.TestRunner.privateRun(TestRunner.java:782)
	at org.testng.TestRunner.run(TestRunner.java:632)
	at org.testng.SuiteRunner.runTest(SuiteRunner.java:366)
	at org.testng.SuiteRunner.runSequentially(SuiteRunner.java:361)
	at org.testng.SuiteRunner.privateRun(SuiteRunner.java:319)
	at org.testng.SuiteRunner.run(SuiteRunner.java:268)
	at org.testng.SuiteRunnerWorker.runSuite(SuiteRunnerWorker.java:52)
	at org.testng.SuiteRunnerWorker.run(SuiteRunnerWorker.java:86)
	at org.testng.TestNG.runSuitesSequentially(TestNG.java:1244)
	at org.testng.TestNG.runSuitesLocally(TestNG.java:1169)
	at org.testng.TestNG.run(TestNG.java:1064)
	at org.apache.maven.surefire.testng.TestNGExecutor.run(TestNGExecutor.java:77)
	at org.apache.maven.surefire.testng.TestNGDirectoryTestSuite.executeMulti(TestNGDirectoryTestSuite.java:159)
	at org.apache.maven.surefire.testng.TestNGDirectoryTestSuite.execute(TestNGDirectoryTestSuite.java:99)
	at org.apache.maven.surefire.testng.TestNGProvider.invoke(TestNGProvider.java:106)
	at sun.reflect.NativeMethodAccessorImpl.invoke0(Native Method)
	at sun.reflect.NativeMethodAccessorImpl.invoke(NativeMethodAccessorImpl.java:62)
	at sun.reflect.DelegatingMethodAccessorImpl.invoke(DelegatingMethodAccessorImpl.java:43)
	at java.lang.reflect.Method.invoke(Method.java:498)
	at org.apache.maven.surefire.util.ReflectionUtils.invokeMethodWithArray(ReflectionUtils.java:189)
	at org.apache.maven.surefire.booter.ProviderFactory$ProviderProxy.invoke(ProviderFactory.java:165)
	at org.apache.maven.surefire.booter.ProviderFactory.invokeProvider(ProviderFactory.java:85)
	at org.apache.maven.surefire.booter.ForkedBooter.runSuitesInProcess(ForkedBooter.java:115)
	at org.apache.maven.surefire.booter.ForkedBooter.main(ForkedBooter.java:75)
</pre></div></td>
<td>0</td>
<td>my.utils.CollectionUtilsTest@19dfb72a</td></tr>
<tr>
<td title='my.utils.CollectionUtilsTest.test_getSingle_whenListIsNull_willThrowException()'><b>test_getSingle_whenListIsNull_willThrowException</b><br>Test class: my.utils.CollectionUtilsTest</td>
<td><div><pre>java.lang.RuntimeException: Collection is null or empty
	at my.utils.CollectionUtils.getSingle(CollectionUtils.java:101)
	at my.utils.CollectionUtilsTest.test_getSingle_whenListIsNull_willThrowException(CollectionUtilsTest.java:108)
... Removed 34 stack frames</pre></div><a href='#' onClick='toggleBox("stack-trace1638172114", this, "Click to show all stack frames", "Click to hide stack frames")'>Click to show all stack frames</a>
<div class='stack-trace' id='stack-trace1638172114'><pre>java.lang.RuntimeException: Collection is null or empty
	at my.utils.CollectionUtils.getSingle(CollectionUtils.java:101)
	at my.utils.CollectionUtilsTest.test_getSingle_whenListIsNull_willThrowException(CollectionUtilsTest.java:108)
	at sun.reflect.NativeMethodAccessorImpl.invoke0(Native Method)
	at sun.reflect.NativeMethodAccessorImpl.invoke(NativeMethodAccessorImpl.java:62)
	at sun.reflect.DelegatingMethodAccessorImpl.invoke(DelegatingMethodAccessorImpl.java:43)
	at java.lang.reflect.Method.invoke(Method.java:498)
	at org.testng.internal.MethodInvocationHelper.invokeMethod(MethodInvocationHelper.java:86)
	at org.testng.internal.Invoker.invokeMethod(Invoker.java:643)
	at org.testng.internal.Invoker.invokeTestMethod(Invoker.java:820)
	at org.testng.internal.Invoker.invokeTestMethods(Invoker.java:1128)
	at org.testng.internal.TestMethodWorker.invokeTestMethods(TestMethodWorker.java:129)
	at org.testng.internal.TestMethodWorker.run(TestMethodWorker.java:112)
	at org.testng.TestRunner.privateRun(TestRunner.java:782)
	at org.testng.TestRunner.run(TestRunner.java:632)
	at org.testng.SuiteRunner.runTest(SuiteRunner.java:366)
	at org.testng.SuiteRunner.runSequentially(SuiteRunner.java:361)
	at org.testng.SuiteRunner.privateRun(SuiteRunner.java:319)
	at org.testng.SuiteRunner.run(SuiteRunner.java:268)
	at org.testng.SuiteRunnerWorker.runSuite(SuiteRunnerWorker.java:52)
	at org.testng.SuiteRunnerWorker.run(SuiteRunnerWorker.java:86)
	at org.testng.TestNG.runSuitesSequentially(TestNG.java:1244)
	at org.testng.TestNG.runSuitesLocally(TestNG.java:1169)
	at org.testng.TestNG.run(TestNG.java:1064)
	at org.apache.maven.surefire.testng.TestNGExecutor.run(TestNGExecutor.java:77)
	at org.apache.maven.surefire.testng.TestNGDirectoryTestSuite.executeMulti(TestNGDirectoryTestSuite.java:159)
	at org.apache.maven.surefire.testng.TestNGDirectoryTestSuite.execute(TestNGDirectoryTestSuite.java:99)
	at org.apache.maven.surefire.testng.TestNGProvider.invoke(TestNGProvider.java:106)
	at sun.reflect.NativeMethodAccessorImpl.invoke0(Native Method)
	at sun.reflect.NativeMethodAccessorImpl.invoke(NativeMethodAccessorImpl.java:62)
	at sun.reflect.DelegatingMethodAccessorImpl.invoke(DelegatingMethodAccessorImpl.java:43)
	at java.lang.reflect.Method.invoke(Method.java:498)
	at org.apache.maven.surefire.util.ReflectionUtils.invokeMethodWithArray(ReflectionUtils.java:189)
	at org.apache.maven.surefire.booter.ProviderFactory$ProviderProxy.invoke(ProviderFactory.java:165)
	at org.apache.maven.surefire.booter.ProviderFactory.invokeProvider(ProviderFactory.java:85)
	at org.apache.maven.surefire.booter.ForkedBooter.runSuitesInProcess(ForkedBooter.java:115)
	at org.apache.maven.surefire.booter.ForkedBooter.main(ForkedBooter.java:75)
</pre></div></td>
<td>0</td>
<td>my.utils.CollectionUtilsTest@19dfb72a</td></tr>
<tr>
<td title='my.utils.CollectionUtilsTest.test_getSingle_whenSingleElement_willReturnElement()'><b>test_getSingle_whenSingleElement_willReturnElement</b><br>Test class: my.utils.CollectionUtilsTest</td>
<td></td>
<td>0</td>
<td>my.utils.CollectionUtilsTest@19dfb72a</td></tr>
<tr>
<td title='my.utils.CollectionUtilsTest.test_isNullOrEmpty_whenListIsEmpty()'><b>test_isNullOrEmpty_whenListIsEmpty</b><br>Test class: my.utils.CollectionUtilsTest</td>
<td></td>
<td>0</td>
<td>my.utils.CollectionUtilsTest@19dfb72a</td></tr>
<tr>
<td title='my.utils.CollectionUtilsTest.test_isNullOrEmpty_whenListIsNotNullOrEmpty()'><b>test_isNullOrEmpty_whenListIsNotNullOrEmpty</b><br>Test class: my.utils.CollectionUtilsTest</td>
<td></td>
<td>0</td>
<td>my.utils.CollectionUtilsTest@19dfb72a</td></tr>
<tr>
<td title='my.utils.CollectionUtilsTest.test_isNullOrEmpty_whenListIsNull()'><b>test_isNullOrEmpty_whenListIsNull</b><br>Test class: my.utils.CollectionUtilsTest</td>
<td></td>
<td>0</td>
<td>my.utils.CollectionUtilsTest@19dfb72a</td></tr>
<tr>
<td title='my.utils.SequenceTest.test_last()'><b>test_last</b><br>Test class: my.utils.SequenceTest</td>
<td></td>
<td>0</td>
<td>my.utils.SequenceTest@6fadae5d</td></tr>
<tr>
<td title='my.utils.SequenceTest.test_lastOrDefault()'><b>test_lastOrDefault</b><br>Test class: my.utils.SequenceTest</td>
<td></td>
<td>0</td>
<td>my.utils.SequenceTest@6fadae5d</td></tr>
<tr>
<td title='my.utils.SequenceTest.test_lastOrDefault_whenSourceIsEmpty()'><b>test_lastOrDefault_whenSourceIsEmpty</b><br>Test class: my.utils.SequenceTest</td>
<td></td>
<td>0</td>
<td>my.utils.SequenceTest@6fadae5d</td></tr>
<tr>
<td title='my.utils.SequenceTest.test_map()'><b>test_map</b><br>Test class: my.utils.SequenceTest</td>
<td></td>
<td>0</td>
<td>my.utils.SequenceTest@6fadae5d</td></tr>
<tr>
<td title='my.utils.SequenceTest.test_max()'><b>test_max</b><br>Test class: my.utils.SequenceTest</td>
<td></td>
<td>0</td>
<td>my.utils.SequenceTest@6fadae5d</td></tr>
<tr>
<td title='my.utils.SequenceTest.test_max_ofInnerValue()'><b>test_max_ofInnerValue</b><br>Test class: my.utils.SequenceTest</td>
<td></td>
<td>0</td>
<td>my.utils.SequenceTest@6fadae5d</td></tr>
<tr>
<td title='my.utils.FunctionalMapTest.test_merge()'><b>test_merge</b><br>Test class: my.utils.FunctionalMapTest</td>
<td></td>
<td>0</td>
<td>my.utils.FunctionalMapTest@7a0ac6e3</td></tr>
<tr>
<td title='my.utils.FunctionalMapTest.test_merge_whenSourceIsNull()'><b>test_merge_whenSourceIsNull</b><br>Test class: my.utils.FunctionalMapTest</td>
<td></td>
<td>0</td>
<td>my.utils.FunctionalMapTest@7a0ac6e3</td></tr>
<tr>
<td title='my.utils.SequenceTest.test_min()'><b>test_min</b><br>Test class: my.utils.SequenceTest</td>
<td></td>
<td>0</td>
<td>my.utils.SequenceTest@6fadae5d</td></tr>
<tr>
<td title='my.utils.SequenceTest.test_min_ofInnerValue()'><b>test_min_ofInnerValue</b><br>Test class: my.utils.SequenceTest</td>
<td></td>
<td>0</td>
<td>my.utils.SequenceTest@6fadae5d</td></tr>
<tr>
<td title='my.utils.DateTimeTest.test_of_Date()'><b>test_of_Date</b><br>Test class: my.utils.DateTimeTest</td>
<td></td>
<td>0</td>
<td>my.utils.DateTimeTest@59a6e353</td></tr>
<tr>
<td title='my.utils.DateTimeTest.test_of_Instant()'><b>test_of_Instant</b><br>Test class: my.utils.DateTimeTest</td>
<td></td>
<td>0</td>
<td>my.utils.DateTimeTest@59a6e353</td></tr>
<tr>
<td title='my.utils.DateTimeTest.test_of_dateFormat_toXmlGregorianCalendar()'><b>test_of_dateFormat_toXmlGregorianCalendar</b><br>Test class: my.utils.DateTimeTest</td>
<td></td>
<td>0</td>
<td>my.utils.DateTimeTest@59a6e353</td></tr>
<tr>
<td title='my.utils.DateTimeTest.test_of_dateTime_toXmlGregorianCalendar()'><b>test_of_dateTime_toXmlGregorianCalendar</b><br>Test class: my.utils.DateTimeTest</td>
<td></td>
<td>0</td>
<td>my.utils.DateTimeTest@59a6e353</td></tr>
<tr>
<td title='my.utils.FunctionalMapTest.test_of_entrySet()'><b>test_of_entrySet</b><br>Test class: my.utils.FunctionalMapTest</td>
<td></td>
<td>0</td>
<td>my.utils.FunctionalMapTest@7a0ac6e3</td></tr>
<tr>
<td title='my.utils.FunctionalMapTest.test_of_map()'><b>test_of_map</b><br>Test class: my.utils.FunctionalMapTest</td>
<td></td>
<td>0</td>
<td>my.utils.FunctionalMapTest@7a0ac6e3</td></tr>
<tr>
<td title='my.utils.FunctionalMapTest.test_put()'><b>test_put</b><br>Test class: my.utils.FunctionalMapTest</td>
<td></td>
<td>0</td>
<td>my.utils.FunctionalMapTest@7a0ac6e3</td></tr>
<tr>
<td title='my.utils.FunctionalMapTest.test_remove()'><b>test_remove</b><br>Test class: my.utils.FunctionalMapTest</td>
<td></td>
<td>0</td>
<td>my.utils.FunctionalMapTest@7a0ac6e3</td></tr>
<tr>
<td title='my.utils.SequenceTest.test_remove()'><b>test_remove</b><br>Test class: my.utils.SequenceTest</td>
<td></td>
<td>0</td>
<td>my.utils.SequenceTest@6fadae5d</td></tr>
<tr>
<td title='my.utils.SequenceTest.test_removeNullValues()'><b>test_removeNullValues</b><br>Test class: my.utils.SequenceTest</td>
<td></td>
<td>0</td>
<td>my.utils.SequenceTest@6fadae5d</td></tr>
<tr>
<td title='my.utils.SequenceTest.test_remove_whenFilterArrayOfValues()'><b>test_remove_whenFilterArrayOfValues</b><br>Test class: my.utils.SequenceTest</td>
<td></td>
<td>0</td>
<td>my.utils.SequenceTest@6fadae5d</td></tr>
<tr>
<td title='my.utils.SequenceTest.test_remove_whenSeveralValues()'><b>test_remove_whenSeveralValues</b><br>Test class: my.utils.SequenceTest</td>
<td></td>
<td>0</td>
<td>my.utils.SequenceTest@6fadae5d</td></tr>
<tr>
<td title='my.utils.SequenceTest.test_sequence_add()'><b>test_sequence_add</b><br>Test class: my.utils.SequenceTest</td>
<td></td>
<td>0</td>
<td>my.utils.SequenceTest@6fadae5d</td></tr>
<tr>
<td title='my.utils.SequenceTest.test_sequence_isEmpty_whenNullSource()'><b>test_sequence_isEmpty_whenNullSource</b><br>Test class: my.utils.SequenceTest</td>
<td></td>
<td>0</td>
<td>my.utils.SequenceTest@6fadae5d</td></tr>
<tr>
<td title='my.utils.SequenceTest.test_sequence_isEmpty_whenSourceIsEmpty()'><b>test_sequence_isEmpty_whenSourceIsEmpty</b><br>Test class: my.utils.SequenceTest</td>
<td></td>
<td>0</td>
<td>my.utils.SequenceTest@6fadae5d</td></tr>
<tr>
<td title='my.utils.SequenceTest.test_sequence_isEmpty_whenSourceIsNotEmpty()'><b>test_sequence_isEmpty_whenSourceIsNotEmpty</b><br>Test class: my.utils.SequenceTest</td>
<td></td>
<td>0</td>
<td>my.utils.SequenceTest@6fadae5d</td></tr>
<tr>
<td title='my.utils.SequenceTest.test_sequence_merge_array()'><b>test_sequence_merge_array</b><br>Test class: my.utils.SequenceTest</td>
<td></td>
<td>0</td>
<td>my.utils.SequenceTest@6fadae5d</td></tr>
<tr>
<td title='my.utils.SequenceTest.test_sequence_merge_collection()'><b>test_sequence_merge_collection</b><br>Test class: my.utils.SequenceTest</td>
<td></td>
<td>0</td>
<td>my.utils.SequenceTest@6fadae5d</td></tr>
<tr>
<td title='my.utils.SequenceTest.test_sequence_ofArray()'><b>test_sequence_ofArray</b><br>Test class: my.utils.SequenceTest</td>
<td></td>
<td>0</td>
<td>my.utils.SequenceTest@6fadae5d</td></tr>
<tr>
<td title='my.utils.SequenceTest.test_sequence_ofArray_whenSourceIsNull()'><b>test_sequence_ofArray_whenSourceIsNull</b><br>Test class: my.utils.SequenceTest</td>
<td></td>
<td>0</td>
<td>my.utils.SequenceTest@6fadae5d</td></tr>
<tr>
<td title='my.utils.SequenceTest.test_sequence_ofList()'><b>test_sequence_ofList</b><br>Test class: my.utils.SequenceTest</td>
<td></td>
<td>0</td>
<td>my.utils.SequenceTest@6fadae5d</td></tr>
<tr>
<td title='my.utils.SequenceTest.test_sequence_ofList_whenSourceIsNull()'><b>test_sequence_ofList_whenSourceIsNull</b><br>Test class: my.utils.SequenceTest</td>
<td></td>
<td>0</td>
<td>my.utils.SequenceTest@6fadae5d</td></tr>
<tr>
<td title='my.utils.SequenceTest.test_sequence_ofValues()'><b>test_sequence_ofValues</b><br>Test class: my.utils.SequenceTest</td>
<td></td>
<td>0</td>
<td>my.utils.SequenceTest@6fadae5d</td></tr>
<tr>
<td title='my.utils.SequenceTest.test_sequence_remove()'><b>test_sequence_remove</b><br>Test class: my.utils.SequenceTest</td>
<td></td>
<td>0</td>
<td>my.utils.SequenceTest@6fadae5d</td></tr>
<tr>
<td title='my.utils.SequenceTest.test_sequence_removeByArray()'><b>test_sequence_removeByArray</b><br>Test class: my.utils.SequenceTest</td>
<td></td>
<td>0</td>
<td>my.utils.SequenceTest@6fadae5d</td></tr>
<tr>
<td title='my.utils.SequenceTest.test_sequence_removeByEmptyArray()'><b>test_sequence_removeByEmptyArray</b><br>Test class: my.utils.SequenceTest</td>
<td></td>
<td>0</td>
<td>my.utils.SequenceTest@6fadae5d</td></tr>
<tr>
<td title='my.utils.SequenceTest.test_sequence_removeByIndex()'><b>test_sequence_removeByIndex</b><br>Test class: my.utils.SequenceTest</td>
<td></td>
<td>0</td>
<td>my.utils.SequenceTest@6fadae5d</td></tr>
<tr>
<td title='my.utils.SequenceTest.test_sequence_single()'><b>test_sequence_single</b><br>Test class: my.utils.SequenceTest</td>
<td></td>
<td>0</td>
<td>my.utils.SequenceTest@6fadae5d</td></tr>
<tr>
<td title='my.utils.JsonUtilsTest.test_serialize()'><b>test_serialize</b><br>Test class: my.utils.JsonUtilsTest</td>
<td></td>
<td>0</td>
<td>my.utils.JsonUtilsTest@71be98f5</td></tr>
<tr>
<td title='my.utils.JsonUtilsTest.test_serialize_list()'><b>test_serialize_list</b><br>Test class: my.utils.JsonUtilsTest</td>
<td></td>
<td>0</td>
<td>my.utils.JsonUtilsTest@71be98f5</td></tr>
<tr>
<td title='my.utils.JsonUtilsTest.test_serialize_multivaluedMap()'><b>test_serialize_multivaluedMap</b><br>Test class: my.utils.JsonUtilsTest</td>
<td></td>
<td>0</td>
<td>my.utils.JsonUtilsTest@71be98f5</td></tr>
<tr>
<td title='my.utils.JsonUtilsTest.test_serialize_nestedObject()'><b>test_serialize_nestedObject</b><br>Test class: my.utils.JsonUtilsTest</td>
<td></td>
<td>0</td>
<td>my.utils.JsonUtilsTest@71be98f5</td></tr>
<tr>
<td title='my.utils.SequenceTest.test_size()'><b>test_size</b><br>Test class: my.utils.SequenceTest</td>
<td></td>
<td>0</td>
<td>my.utils.SequenceTest@6fadae5d</td></tr>
<tr>
<td title='my.utils.SequenceTest.test_sort()'><b>test_sort</b><br>Test class: my.utils.SequenceTest</td>
<td></td>
<td>0</td>
<td>my.utils.SequenceTest@6fadae5d</td></tr>
<tr>
<td title='my.utils.SequenceTest.test_sortBy()'><b>test_sortBy</b><br>Test class: my.utils.SequenceTest</td>
<td></td>
<td>0</td>
<td>my.utils.SequenceTest@6fadae5d</td></tr>
<tr>
<td title='my.utils.SequenceTest.test_sortBy_desc()'><b>test_sortBy_desc</b><br>Test class: my.utils.SequenceTest</td>
<td></td>
<td>0</td>
<td>my.utils.SequenceTest@6fadae5d</td></tr>
<tr>
<td title='my.utils.SequenceTest.test_sort_desc()'><b>test_sort_desc</b><br>Test class: my.utils.SequenceTest</td>
<td></td>
<td>0</td>
<td>my.utils.SequenceTest@6fadae5d</td></tr>
<tr>
<td title='my.utils.SequenceTest.test_take()'><b>test_take</b><br>Test class: my.utils.SequenceTest</td>
<td></td>
<td>0</td>
<td>my.utils.SequenceTest@6fadae5d</td></tr>
<tr>
<td title='my.utils.SequenceTest.test_take_fromWithSize()'><b>test_take_fromWithSize</b><br>Test class: my.utils.SequenceTest</td>
<td></td>
<td>0</td>
<td>my.utils.SequenceTest@6fadae5d</td></tr>
<tr>
<td title='my.utils.SequenceTest.test_take_whenSizeIsMoreThenSource()'><b>test_take_whenSizeIsMoreThenSource</b><br>Test class: my.utils.SequenceTest</td>
<td></td>
<td>0</td>
<td>my.utils.SequenceTest@6fadae5d</td></tr>
<tr>
<td title='my.utils.CollectionUtilsTest.test_toArray()'><b>test_toArray</b><br>Test class: my.utils.CollectionUtilsTest</td>
<td></td>
<td>0</td>
<td>my.utils.CollectionUtilsTest@19dfb72a</td></tr>
<tr>
<td title='my.utils.DateTimeTest.test_toString()'><b>test_toString</b><br>Test class: my.utils.DateTimeTest</td>
<td></td>
<td>0</td>
<td>my.utils.DateTimeTest@59a6e353</td></tr>
<tr>
<td title='my.utils.FunctionalMapTest.test_values()'><b>test_values</b><br>Test class: my.utils.FunctionalMapTest</td>
<td></td>
<td>0</td>
<td>my.utils.FunctionalMapTest@7a0ac6e3</td></tr>
</table><p>
</body>
</html>